  Main.cpp
d:\programming\github repositories\gameengine-cpp\gameengine\camera.h(30): warning C4244: '+=': conversion from 'double' to 'float', possible loss of data
d:\programming\github repositories\gameengine-cpp\gameengine\camera.h(32): warning C4244: '-=': conversion from 'double' to 'float', possible loss of data
d:\programming\github repositories\gameengine-cpp\gameengine\camera.h(35): warning C4244: '+=': conversion from 'double' to 'float', possible loss of data
d:\programming\github repositories\gameengine-cpp\gameengine\camera.h(37): warning C4244: '-=': conversion from 'double' to 'float', possible loss of data
d:\programming\github repositories\gameengine-cpp\gameengine\camera.h(42): warning C4244: '+=': conversion from 'double' to 'T', possible loss of data
          with
          [
              T=float
          ]
d:\programming\github repositories\gameengine-cpp\gameengine\camera.h(43): warning C4244: '-=': conversion from 'double' to 'T', possible loss of data
          with
          [
              T=float
          ]
d:\programming\github repositories\gameengine-cpp\gameengine\camera.h(45): warning C4244: '+=': conversion from 'double' to 'T', possible loss of data
          with
          [
              T=float
          ]
d:\programming\github repositories\gameengine-cpp\gameengine\camera.h(46): warning C4244: '-=': conversion from 'double' to 'T', possible loss of data
          with
          [
              T=float
          ]
d:\programming\github repositories\gameengine-cpp\gameengine\camera.h(49): warning C4244: '+=': conversion from 'double' to 'T', possible loss of data
          with
          [
              T=float
          ]
d:\programming\github repositories\gameengine-cpp\gameengine\camera.h(51): warning C4244: '-=': conversion from 'double' to 'T', possible loss of data
          with
          [
              T=float
          ]
d:\programming\github repositories\gameengine-cpp\gameengine\camera.h(54): warning C4244: '-=': conversion from 'double' to 'float', possible loss of data
d:\programming\github repositories\gameengine-cpp\gameengine\camera.h(56): warning C4244: '+=': conversion from 'double' to 'float', possible loss of data
d:\programming\github repositories\gameengine-cpp\gameengine\camera.h(59): warning C4244: '-=': conversion from 'double' to 'float', possible loss of data
d:\programming\github repositories\gameengine-cpp\gameengine\camera.h(61): warning C4244: '+=': conversion from 'double' to 'float', possible loss of data
d:\programming\github repositories\gameengine-cpp\gameengine\camera.h(68): warning C4244: '+=': conversion from 'double' to 'float', possible loss of data
d:\programming\github repositories\gameengine-cpp\gameengine\camera.h(70): warning C4244: '-=': conversion from 'double' to 'float', possible loss of data
d:\programming\github repositories\gameengine-cpp\gameengine\camera.h(73): warning C4244: '+=': conversion from 'double' to 'float', possible loss of data
d:\programming\github repositories\gameengine-cpp\gameengine\camera.h(75): warning C4244: '-=': conversion from 'double' to 'float', possible loss of data
d:\programming\github repositories\gameengine-cpp\gameengine\camera.h(80): warning C4244: '+=': conversion from 'double' to 'T', possible loss of data
          with
          [
              T=float
          ]
d:\programming\github repositories\gameengine-cpp\gameengine\camera.h(81): warning C4244: '-=': conversion from 'double' to 'T', possible loss of data
          with
          [
              T=float
          ]
d:\programming\github repositories\gameengine-cpp\gameengine\camera.h(83): warning C4244: '+=': conversion from 'double' to 'T', possible loss of data
          with
          [
              T=float
          ]
d:\programming\github repositories\gameengine-cpp\gameengine\camera.h(84): warning C4244: '-=': conversion from 'double' to 'T', possible loss of data
          with
          [
              T=float
          ]
d:\programming\github repositories\gameengine-cpp\gameengine\camera.h(87): warning C4244: '+=': conversion from 'double' to 'T', possible loss of data
          with
          [
              T=float
          ]
d:\programming\github repositories\gameengine-cpp\gameengine\camera.h(89): warning C4244: '-=': conversion from 'double' to 'T', possible loss of data
          with
          [
              T=float
          ]
d:\programming\github repositories\gameengine-cpp\gameengine\camera.h(91): warning C4244: '+=': conversion from 'double' to 'float', possible loss of data
d:\programming\github repositories\gameengine-cpp\gameengine\camera.h(92): warning C4244: '+=': conversion from 'double' to 'float', possible loss of data
d:\programming\github repositories\gameengine-cpp\gameengine\fpsmodel.h(80): warning C4018: '<': signed/unsigned mismatch
d:\programming\github repositories\gameengine-cpp\gameengine\main.cpp(90): warning C4244: 'argument': conversion from 'double' to 'float', possible loss of data
d:\programming\github repositories\gameengine-cpp\gameengine\main.cpp(95): warning C4244: '+=': conversion from 'double' to 'float', possible loss of data
d:\programming\github repositories\gameengine-cpp\gameengine\main.cpp(98): warning C4244: '-=': conversion from 'double' to 'float', possible loss of data
  GameEngine.vcxproj -> D:\Programming\Github Repositories\GameEngine-Cpp\Debug\GameEngine.exe
